c:\users\administrator\git\vvenc\build\source\lib\vvenc\vvenc.dir\release\loopfilter.obj
c:\users\administrator\git\vvenc\build\source\lib\vvenc\vvenc.dir\release\quantrdoq2.obj
c:\users\administrator\git\vvenc\build\source\lib\vvenc\vvenc.dir\release\unitpartitioner.obj
c:\users\administrator\git\vvenc\build\source\lib\vvenc\vvenc.dir\release\bitallocation.obj
c:\users\administrator\git\vvenc\build\source\lib\vvenc\vvenc.dir\release\intersearch.obj
c:\users\administrator\git\vvenc\build\source\lib\vvenc\vvenc.dir\release\affinegradientsearch.obj
c:\users\administrator\git\vvenc\build\source\lib\vvenc\vvenc.dir\release\mctf.obj
c:\users\administrator\git\vvenc\build\source\lib\vvenc\vvenc.dir\release\slice.obj
c:\users\administrator\git\vvenc\build\source\lib\vvenc\vvenc.dir\release\nalread.obj
c:\users\administrator\git\vvenc\build\source\lib\vvenc\vvenc.dir\release\enclib.obj
c:\users\administrator\git\vvenc\build\source\lib\vvenc\vvenc.dir\release\seiwrite.obj
c:\users\administrator\git\vvenc\build\source\lib\vvenc\vvenc.dir\release\contexts.obj
c:\users\administrator\git\vvenc\build\source\lib\vvenc\vvenc.dir\release\picture.obj
c:\users\administrator\git\vvenc\build\source\lib\vvenc\vvenc.dir\release\sampleadaptiveoffset.obj
c:\users\administrator\git\vvenc\build\source\lib\vvenc\vvenc.dir\release\decslice.obj
c:\users\administrator\git\vvenc\build\source\lib\vvenc\vvenc.dir\release\encmodectrl.obj
c:\users\administrator\git\vvenc\build\source\lib\vvenc\vvenc.dir\release\vvencimpl.obj
c:\users\administrator\git\vvenc\build\source\lib\vvenc\vvenc.dir\release\buffer.obj
c:\users\administrator\git\vvenc\build\source\lib\vvenc\vvenc.dir\release\quantrdoq.obj
c:\users\administrator\git\vvenc\build\source\lib\vvenc\vvenc.dir\release\trquant_emt.obj
c:\users\administrator\git\vvenc\build\source\lib\vvenc\vvenc.dir\release\declib.obj
c:\users\administrator\git\vvenc\build\source\lib\vvenc\vvenc.dir\release\encslice.obj
c:\users\administrator\git\vvenc\build\source\lib\vvenc\vvenc.dir\release\interprediction.obj
c:\users\administrator\git\vvenc\build\source\lib\vvenc\vvenc.dir\release\rom.obj
c:\users\administrator\git\vvenc\build\source\lib\vvenc\vvenc.dir\release\dtrace.obj
c:\users\administrator\git\vvenc\build\source\lib\vvenc\vvenc.dir\release\binencoder.obj
c:\users\administrator\git\vvenc\build\source\lib\vvenc\vvenc.dir\release\encpicture.obj
c:\users\administrator\git\vvenc\build\source\lib\vvenc\vvenc.dir\release\commondefx86.obj
c:\users\administrator\git\vvenc\build\source\lib\vvenc\vvenc.dir\release\depquant.obj
c:\users\administrator\git\vvenc\build\source\lib\vvenc\vvenc.dir\release\rdcost.obj
c:\users\administrator\git\vvenc\build\source\lib\vvenc\vvenc.dir\release\timeprofiler.obj
c:\users\administrator\git\vvenc\build\source\lib\vvenc\vvenc.dir\release\bindecoder.obj
c:\users\administrator\git\vvenc\build\source\lib\vvenc\vvenc.dir\release\enccu.obj
c:\users\administrator\git\vvenc\build\source\lib\vvenc\vvenc.dir\release\seiencoder.obj
c:\users\administrator\git\vvenc\build\source\lib\vvenc\vvenc.dir\release\contextmodelling.obj
c:\users\administrator\git\vvenc\build\source\lib\vvenc\vvenc.dir\release\picyuvmd5.obj
c:\users\administrator\git\vvenc\build\source\lib\vvenc\vvenc.dir\release\statcounter.obj
c:\users\administrator\git\vvenc\build\source\lib\vvenc\vvenc.dir\release\deccu.obj
c:\users\administrator\git\vvenc\build\source\lib\vvenc\vvenc.dir\release\enccfg.obj
c:\users\administrator\git\vvenc\build\source\lib\vvenc\vvenc.dir\release\enchrd.obj
c:\users\administrator\git\vvenc\build\source\lib\vvenc\vvenc.dir\release\nalwrite.obj
c:\users\administrator\git\vvenc\build\source\lib\vvenc\vvenc.dir\release\nomallocthreadpool.obj
c:\users\administrator\git\vvenc\build\source\lib\vvenc\vvenc.dir\release\bitstream.obj
c:\users\administrator\git\vvenc\build\source\lib\vvenc\vvenc.dir\release\mv.obj
c:\users\administrator\git\vvenc\build\source\lib\vvenc\vvenc.dir\release\romtr.obj
c:\users\administrator\git\vvenc\build\source\lib\vvenc\vvenc.dir\release\unittools.obj
c:\users\administrator\git\vvenc\build\source\lib\vvenc\vvenc.dir\release\encadaptiveloopfilter.obj
c:\users\administrator\git\vvenc\build\source\lib\vvenc\vvenc.dir\release\intrasearch.obj
c:\users\administrator\git\vvenc\build\source\lib\vvenc\vvenc.dir\release\initx86.obj
c:\users\administrator\git\vvenc\build\source\lib\vvenc\vvenc.dir\release\codingstructure.obj
c:\users\administrator\git\vvenc\build\source\lib\vvenc\vvenc.dir\release\profileleveltier.obj
c:\users\administrator\git\vvenc\build\source\lib\vvenc\vvenc.dir\release\searchspacecounter.obj
c:\users\administrator\git\vvenc\build\source\lib\vvenc\vvenc.dir\release\cabacreader.obj
c:\users\administrator\git\vvenc\build\source\lib\vvenc\vvenc.dir\release\encgop.obj
c:\users\administrator\git\vvenc\build\source\lib\vvenc\vvenc.dir\release\vvenc.obj
c:\users\administrator\git\vvenc\build\source\lib\vvenc\vvenc.dir\release\intraprediction.obj
c:\users\administrator\git\vvenc\build\source\lib\vvenc\vvenc.dir\release\quant.obj
c:\users\administrator\git\vvenc\build\source\lib\vvenc\vvenc.dir\release\trquant.obj
c:\users\administrator\git\vvenc\build\source\lib\vvenc\vvenc.dir\release\vlcreader.obj
c:\users\administrator\git\vvenc\build\source\lib\vvenc\vvenc.dir\release\encsampleadaptiveoffset.obj
c:\users\administrator\git\vvenc\build\source\lib\vvenc\vvenc.dir\release\vvenccfg.obj
c:\users\administrator\git\vvenc\build\source\lib\vvenc\vvenc.dir\release\interpolationfilter.obj
c:\users\administrator\git\vvenc\build\source\lib\vvenc\vvenc.dir\release\matrixintraprediction.obj
c:\users\administrator\git\vvenc\build\source\lib\vvenc\vvenc.dir\release\sei.obj
c:\users\administrator\git\vvenc\build\source\lib\vvenc\vvenc.dir\release\annexbread.obj
c:\users\administrator\git\vvenc\build\source\lib\vvenc\vvenc.dir\release\seiread.obj
c:\users\administrator\git\vvenc\build\source\lib\vvenc\vvenc.dir\release\encreshape.obj
c:\users\administrator\git\vvenc\build\source\lib\vvenc\vvenc.dir\release\vlcwriter.obj
c:\users\administrator\git\vvenc\build\source\lib\vvenc\vvenc.dir\release\adaptiveloopfilter.obj
c:\users\administrator\git\vvenc\build\source\lib\vvenc\vvenc.dir\release\reshape.obj
c:\users\administrator\git\vvenc\build\source\lib\vvenc\vvenc.dir\release\unit.obj
c:\users\administrator\git\vvenc\build\source\lib\vvenc\vvenc.dir\release\cabacwriter.obj
c:\users\administrator\git\vvenc\build\source\lib\vvenc\vvenc.dir\release\ratectrl.obj
c:\users\administrator\git\vvenc\build\source\lib\vvenc\vvenc.dir\release\sampleadaptiveoffset_sse41.obj
c:\users\administrator\git\vvenc\build\source\lib\vvenc\vvenc.dir\release\loopfilter_sse41.obj
c:\users\administrator\git\vvenc\build\source\lib\vvenc\vvenc.dir\release\intrapred_sse41.obj
c:\users\administrator\git\vvenc\build\source\lib\vvenc\vvenc.dir\release\interpolationfilter_sse41.obj
c:\users\administrator\git\vvenc\build\source\lib\vvenc\vvenc.dir\release\buffer_sse41.obj
c:\users\administrator\git\vvenc\build\source\lib\vvenc\vvenc.dir\release\trafo_sse41.obj
c:\users\administrator\git\vvenc\build\source\lib\vvenc\vvenc.dir\release\mctf_avx41.obj
c:\users\administrator\git\vvenc\build\source\lib\vvenc\vvenc.dir\release\rdcost_sse41.obj
c:\users\administrator\git\vvenc\build\source\lib\vvenc\vvenc.dir\release\interpred_sse41.obj
c:\users\administrator\git\vvenc\build\source\lib\vvenc\vvenc.dir\release\adaptiveloopfilter_sse41.obj
c:\users\administrator\git\vvenc\build\source\lib\vvenc\vvenc.dir\release\quant_sse41.obj
c:\users\administrator\git\vvenc\build\source\lib\vvenc\vvenc.dir\release\affinegradientsearch_sse41.obj
c:\users\administrator\git\vvenc\build\source\lib\vvenc\vvenc.dir\release\intrapred_sse42.obj
c:\users\administrator\git\vvenc\build\source\lib\vvenc\vvenc.dir\release\interpolationfilter_sse42.obj
c:\users\administrator\git\vvenc\build\source\lib\vvenc\vvenc.dir\release\trafo_sse42.obj
c:\users\administrator\git\vvenc\build\source\lib\vvenc\vvenc.dir\release\mctf_avx42.obj
c:\users\administrator\git\vvenc\build\source\lib\vvenc\vvenc.dir\release\interpred_sse42.obj
c:\users\administrator\git\vvenc\build\source\lib\vvenc\vvenc.dir\release\loopfilter_sse42.obj
c:\users\administrator\git\vvenc\build\source\lib\vvenc\vvenc.dir\release\rdcost_sse42.obj
c:\users\administrator\git\vvenc\build\source\lib\vvenc\vvenc.dir\release\buffer_sse42.obj
c:\users\administrator\git\vvenc\build\source\lib\vvenc\vvenc.dir\release\quant_sse42.obj
c:\users\administrator\git\vvenc\build\source\lib\vvenc\vvenc.dir\release\sampleadaptiveoffset_sse42.obj
c:\users\administrator\git\vvenc\build\source\lib\vvenc\vvenc.dir\release\loopfilter_avx.obj
c:\users\administrator\git\vvenc\build\source\lib\vvenc\vvenc.dir\release\interpred_avx.obj
c:\users\administrator\git\vvenc\build\source\lib\vvenc\vvenc.dir\release\buffer_avx.obj
c:\users\administrator\git\vvenc\build\source\lib\vvenc\vvenc.dir\release\rdcost_avx.obj
c:\users\administrator\git\vvenc\build\source\lib\vvenc\vvenc.dir\release\affinegradientsearch_avx.obj
c:\users\administrator\git\vvenc\build\source\lib\vvenc\vvenc.dir\release\quant_avx.obj
c:\users\administrator\git\vvenc\build\source\lib\vvenc\vvenc.dir\release\mctf_avx.obj
c:\users\administrator\git\vvenc\build\source\lib\vvenc\vvenc.dir\release\trafo_avx.obj
c:\users\administrator\git\vvenc\build\source\lib\vvenc\vvenc.dir\release\interpolationfilter_avx.obj
c:\users\administrator\git\vvenc\build\source\lib\vvenc\vvenc.dir\release\adaptiveloopfilter_avx.obj
c:\users\administrator\git\vvenc\build\source\lib\vvenc\vvenc.dir\release\intrapred_avx.obj
c:\users\administrator\git\vvenc\build\source\lib\vvenc\vvenc.dir\release\sampleadaptiveoffset_avx.obj
c:\users\administrator\git\vvenc\build\source\lib\vvenc\vvenc.dir\release\buffer_avx2.obj
c:\users\administrator\git\vvenc\build\source\lib\vvenc\vvenc.dir\release\interpred_avx2.obj
c:\users\administrator\git\vvenc\build\source\lib\vvenc\vvenc.dir\release\quant_avx2.obj
c:\users\administrator\git\vvenc\build\source\lib\vvenc\vvenc.dir\release\loopfilter_avx2.obj
c:\users\administrator\git\vvenc\build\source\lib\vvenc\vvenc.dir\release\rdcost_avx2.obj
c:\users\administrator\git\vvenc\build\source\lib\vvenc\vvenc.dir\release\affinegradientsearch_avx2.obj
c:\users\administrator\git\vvenc\build\source\lib\vvenc\vvenc.dir\release\sampleadaptiveoffset_avx2.obj
c:\users\administrator\git\vvenc\build\source\lib\vvenc\vvenc.dir\release\trafo_avx2.obj
c:\users\administrator\git\vvenc\build\source\lib\vvenc\vvenc.dir\release\intrapred_avx2.obj
c:\users\administrator\git\vvenc\build\source\lib\vvenc\vvenc.dir\release\mctf_avx2.obj
c:\users\administrator\git\vvenc\build\source\lib\vvenc\vvenc.dir\release\interpolationfilter_avx2.obj
c:\users\administrator\git\vvenc\build\source\lib\vvenc\vvenc.dir\release\adaptiveloopfilter_avx2.obj
c:\users\administrator\git\vvenc\build\source\lib\vvenc\cmakefiles\generate.stamp
c:\users\administrator\git\vvenc\lib\release-static\vvenc.lib
c:\users\administrator\git\vvenc\build\source\lib\vvenc\vvenc.dir\release\vvenc.res
c:\users\administrator\git\vvenc\build\source\lib\vvenc\vvenc.dir\release\vvenc.tlog\cl.10660.write.1.tlog
c:\users\administrator\git\vvenc\build\source\lib\vvenc\vvenc.dir\release\vvenc.tlog\cl.command.1.tlog
c:\users\administrator\git\vvenc\build\source\lib\vvenc\vvenc.dir\release\vvenc.tlog\cl.read.1.tlog
c:\users\administrator\git\vvenc\build\source\lib\vvenc\vvenc.dir\release\vvenc.tlog\custombuild.command.1.tlog
c:\users\administrator\git\vvenc\build\source\lib\vvenc\vvenc.dir\release\vvenc.tlog\custombuild.read.1.tlog
c:\users\administrator\git\vvenc\build\source\lib\vvenc\vvenc.dir\release\vvenc.tlog\custombuild.write.1.tlog
c:\users\administrator\git\vvenc\build\source\lib\vvenc\vvenc.dir\release\vvenc.tlog\lib-link-cvtres.read.1.tlog
c:\users\administrator\git\vvenc\build\source\lib\vvenc\vvenc.dir\release\vvenc.tlog\lib-link-cvtres.write.1.tlog
c:\users\administrator\git\vvenc\build\source\lib\vvenc\vvenc.dir\release\vvenc.tlog\lib.command.1.tlog
c:\users\administrator\git\vvenc\build\source\lib\vvenc\vvenc.dir\release\vvenc.tlog\rc.command.1.tlog
c:\users\administrator\git\vvenc\build\source\lib\vvenc\vvenc.dir\release\vvenc.tlog\rc.read.1.tlog
c:\users\administrator\git\vvenc\build\source\lib\vvenc\vvenc.dir\release\vvenc.tlog\rc.write.1.tlog
